[debug] [2024-01-23T10:42:00.373Z] ----------------------------------------------------------------------
[debug] [2024-01-23T10:42:00.375Z] Command:       C:\Program Files\nodejs\node.exe C:\Users\User\AppData\Roaming\npm\node_modules\firebase-tools\lib\bin\firebase.js deploy
[debug] [2024-01-23T10:42:00.375Z] CLI Version:   13.0.3
[debug] [2024-01-23T10:42:00.375Z] Platform:      win32
[debug] [2024-01-23T10:42:00.376Z] Node Version:  v18.17.1
[debug] [2024-01-23T10:42:00.376Z] Time:          Tue Jan 23 2024 12:42:00 GMT+0200 (Central Africa Time)
[debug] [2024-01-23T10:42:00.376Z] ----------------------------------------------------------------------
[debug] 
[debug] [2024-01-23T10:42:00.436Z] > command requires scopes: ["email","openid","https://www.googleapis.com/auth/cloudplatformprojects.readonly","https://www.googleapis.com/auth/firebase","https://www.googleapis.com/auth/cloud-platform"]
[debug] [2024-01-23T10:42:00.436Z] > authorizing via signed-in user (eliot.alderson20@gmail.com)
[debug] [2024-01-23T10:42:00.436Z] [iam] checking project zanis-pro for permissions ["datastore.indexes.create","datastore.indexes.delete","datastore.indexes.list","datastore.indexes.update","firebase.projects.get","firebasehosting.sites.update"]
[debug] [2024-01-23T10:42:00.438Z] >>> [apiv2][query] POST https://cloudresourcemanager.googleapis.com/v1/projects/zanis-pro:testIamPermissions [none]
[debug] [2024-01-23T10:42:00.438Z] >>> [apiv2][(partial)header] POST https://cloudresourcemanager.googleapis.com/v1/projects/zanis-pro:testIamPermissions x-goog-quota-user=projects/zanis-pro
[debug] [2024-01-23T10:42:00.438Z] >>> [apiv2][body] POST https://cloudresourcemanager.googleapis.com/v1/projects/zanis-pro:testIamPermissions {"permissions":["datastore.indexes.create","datastore.indexes.delete","datastore.indexes.list","datastore.indexes.update","firebase.projects.get","firebasehosting.sites.update"]}
[debug] [2024-01-23T10:42:08.057Z] <<< [apiv2][status] POST https://cloudresourcemanager.googleapis.com/v1/projects/zanis-pro:testIamPermissions 200
[debug] [2024-01-23T10:42:08.058Z] <<< [apiv2][body] POST https://cloudresourcemanager.googleapis.com/v1/projects/zanis-pro:testIamPermissions {"permissions":["datastore.indexes.create","datastore.indexes.delete","datastore.indexes.list","datastore.indexes.update","firebase.projects.get","firebasehosting.sites.update"]}
[debug] [2024-01-23T10:42:08.058Z] >>> [apiv2][query] GET https://firebase.googleapis.com/v1beta1/projects/zanis-pro [none]
[debug] [2024-01-23T10:42:13.019Z] <<< [apiv2][status] GET https://firebase.googleapis.com/v1beta1/projects/zanis-pro 200
[debug] [2024-01-23T10:42:13.020Z] <<< [apiv2][body] GET https://firebase.googleapis.com/v1beta1/projects/zanis-pro {"projectId":"zanis-pro","projectNumber":"214538999867","displayName":"zanis pro","name":"projects/zanis-pro","resources":{"hostingSite":"zanis-pro"},"state":"ACTIVE","etag":"1_466d585f-d868-4331-9865-de1d03a696c6"}
[info] 
[info] === Deploying to 'zanis-pro'...
[info] 
[info] i  deploying firestore, hosting 
[info] i  firestore: reading indexes from firestore.indexes.json... 
[info] i  cloud.firestore: checking firestore.rules for compilation errors... 
[debug] [2024-01-23T10:42:13.024Z] >>> [apiv2][query] POST https://firebaserules.googleapis.com/v1/projects/zanis-pro:test [none]
[debug] [2024-01-23T10:42:13.025Z] >>> [apiv2][body] POST https://firebaserules.googleapis.com/v1/projects/zanis-pro:test [omitted]
[debug] [2024-01-23T10:42:19.789Z] <<< [apiv2][status] POST https://firebaserules.googleapis.com/v1/projects/zanis-pro:test 200
[debug] [2024-01-23T10:42:19.790Z] <<< [apiv2][body] POST https://firebaserules.googleapis.com/v1/projects/zanis-pro:test {}
[info] +  cloud.firestore: rules file firestore.rules compiled successfully 
[debug] [2024-01-23T10:42:19.793Z] >>> [apiv2][query] POST https://firebasehosting.googleapis.com/v1beta1/projects/-/sites/zanis-pro/versions [none]
[debug] [2024-01-23T10:42:19.793Z] >>> [apiv2][body] POST https://firebasehosting.googleapis.com/v1beta1/projects/-/sites/zanis-pro/versions {"status":"CREATED","labels":{"deployment-tool":"cli-firebase"}}
[debug] [2024-01-23T10:42:25.243Z] <<< [apiv2][status] POST https://firebasehosting.googleapis.com/v1beta1/projects/-/sites/zanis-pro/versions 200
[debug] [2024-01-23T10:42:25.243Z] <<< [apiv2][body] POST https://firebasehosting.googleapis.com/v1beta1/projects/-/sites/zanis-pro/versions {"name":"projects/214538999867/sites/zanis-pro/versions/cb7538f4e1e89d28","status":"CREATED","config":{},"labels":{"deployment-tool":"cli-firebase"}}
[info] i  firestore: deploying indexes... 
[debug] [2024-01-23T10:42:25.245Z] >>> [apiv2][query] GET https://firebaserules.googleapis.com/v1/projects/zanis-pro/releases pageSize=10&pageToken=
[debug] [2024-01-23T10:42:25.247Z] >>> [apiv2][query] GET https://firestore.googleapis.com/v1/projects/zanis-pro/databases/(default)/collectionGroups/-/indexes [none]
[debug] [2024-01-23T10:42:30.558Z] <<< [apiv2][status] GET https://firebaserules.googleapis.com/v1/projects/zanis-pro/releases 200
[debug] [2024-01-23T10:42:30.558Z] <<< [apiv2][body] GET https://firebaserules.googleapis.com/v1/projects/zanis-pro/releases {"releases":[{"name":"projects/zanis-pro/releases/cloud.firestore","rulesetName":"projects/zanis-pro/rulesets/b0cb75c4-25a4-4830-9531-cdd11fbc5f55","createTime":"2024-01-04T11:38:14.900261Z","updateTime":"2024-01-23T10:38:51.878009Z"}]}
[debug] [2024-01-23T10:42:30.558Z] >>> [apiv2][query] GET https://firebaserules.googleapis.com/v1/projects/zanis-pro/rulesets/b0cb75c4-25a4-4830-9531-cdd11fbc5f55 [none]
[debug] [2024-01-23T10:42:31.425Z] <<< [apiv2][status] GET https://firestore.googleapis.com/v1/projects/zanis-pro/databases/(default)/collectionGroups/-/indexes 200
[debug] [2024-01-23T10:42:31.425Z] <<< [apiv2][body] GET https://firestore.googleapis.com/v1/projects/zanis-pro/databases/(default)/collectionGroups/-/indexes {}
[debug] [2024-01-23T10:42:31.426Z] >>> [apiv2][query] GET https://firestore.googleapis.com/v1/projects/zanis-pro/databases/(default)/collectionGroups/-/fields?filter=indexConfig.usesAncestorConfig=false OR ttlConfig:* [none]
[debug] [2024-01-23T10:42:33.558Z] <<< [apiv2][status] GET https://firebaserules.googleapis.com/v1/projects/zanis-pro/rulesets/b0cb75c4-25a4-4830-9531-cdd11fbc5f55 200
[debug] [2024-01-23T10:42:33.558Z] <<< [apiv2][body] GET https://firebaserules.googleapis.com/v1/projects/zanis-pro/rulesets/b0cb75c4-25a4-4830-9531-cdd11fbc5f55 [omitted]
[info] i  firestore: latest version of firestore.rules already up to date, skipping upload... 
[debug] [2024-01-23T10:42:35.007Z] <<< [apiv2][status] GET https://firestore.googleapis.com/v1/projects/zanis-pro/databases/(default)/collectionGroups/-/fields?filter=indexConfig.usesAncestorConfig=false OR ttlConfig:* 200
[debug] [2024-01-23T10:42:35.007Z] <<< [apiv2][body] GET https://firestore.googleapis.com/v1/projects/zanis-pro/databases/(default)/collectionGroups/-/fields?filter=indexConfig.usesAncestorConfig=false OR ttlConfig:* {"fields":[{"name":"projects/zanis-pro/databases/(default)/collectionGroups/__default__/fields/*","indexConfig":{"indexes":[{"queryScope":"COLLECTION","fields":[{"fieldPath":"*","order":"ASCENDING"}],"state":"READY"},{"queryScope":"COLLECTION","fields":[{"fieldPath":"*","order":"DESCENDING"}],"state":"READY"},{"queryScope":"COLLECTION","fields":[{"fieldPath":"*","arrayConfig":"CONTAINS"}],"state":"READY"}]}}]}
[info] +  firestore: deployed indexes in firestore.indexes.json successfully for (default) database 
[info] i  hosting[zanis-pro]: beginning deploy... 
[info] i  hosting[zanis-pro]: found 41 files in build 
[debug] [2024-01-23T10:42:35.021Z] [hosting] uploading with 200 concurrency
[debug] [2024-01-23T10:42:35.454Z] [hosting] hash cache [YnVpbGQ] stored for 41 files
[debug] [2024-01-23T10:42:35.454Z] [hosting][hash queue][FINAL] {"max":423,"min":2,"avg":14.975609756097562,"active":0,"complete":41,"success":41,"errored":0,"retried":0,"total":41,"elapsed":431}
[debug] [2024-01-23T10:42:35.454Z] >>> [apiv2][query] POST https://firebasehosting.googleapis.com/v1beta1/projects/214538999867/sites/zanis-pro/versions/cb7538f4e1e89d28:populateFiles [none]
[debug] [2024-01-23T10:42:35.454Z] >>> [apiv2][body] POST https://firebasehosting.googleapis.com/v1beta1/projects/214538999867/sites/zanis-pro/versions/cb7538f4e1e89d28:populateFiles {"files":{"/favicon.ico":"eae62e993eb980ec8a25058c39d5a51feab118bd2100c4deebb2a9c158ec11f9","/logo192.png":"3ee59515172ee198f3be375979df15ac5345183e656720a381b8872b2a39dc8b","/logo512.png":"ee7e2f3fdb8209c4b6fd7bef6ba50d1b9dba30a25bb5c3126df057e1cb6f5331","/manifest.json":"5c997de1364b8be939319fa9209abd77f2caf7f8844999a9e2e9173f844e7840","/robots.txt":"b2090cf9761ef60aa06e4fab97679bd43dfa5e5df073701ead5879d7c68f1ec5","/zanis.jpeg":"70b619c58432974133efef8fc2a0f7400428930161181b4c22f8d57563eecb0e","/assets/center1.jpeg":"0d8181e625b815edd6e02d36536c7dcdd065d6ca88c96ac6d8182a3237891c47","/assets/center2.jpeg":"1a9994518fe4d0bd0ec6c66f43479a34e76647eb181b59752086405259042ace","/assets/center4.jpeg":"7e8aa3e8343acf9159040dafda3e9bd8c2e6592b222f3f0f5f101f0f9edc014b","/assets/home.png":"78ff5a8b8f7f6c9558857cd77e6a32ae4f24bf7ff37b3abed10461a2ac682f27","/assets/logo.png":"e11a93e378c7b8a4039512313002df1d092166e42732c713588eaa2435a56429","/assets/profile.png":"fa84316951e00c25c5b9711382c1eec22a97460f98ec37286c8e230fe6aafa1c","/assets/reel.png":"f00f9ee65dc8dc511ac3331332688f376d890014576808844942043c687ad89f","/assets/ministries/Agric.png":"ea85f133b041e9c8e1752b57c6ecf9392859b58ef14ea79c11fd607165b768ed","/assets/ministries/coin.png":"a644b3a4fc6a97ed7908ae4e114796d7144223e3ce53df2ad8b213620e861801","/assets/ministries/Economy.png":"d7331be5958abc3457d4fc2004173be0d6241ea56ce8c6897356a2d377df3cb9","/assets/ministries/education.png":"d5688d303b9e7ee33f609814d7062178367ff6f25ca62870eb016bb70f1a1d0a","/assets/ministries/Energy.png":"970e84fb6eb1ea723d926496ecfe90efdbcd2c9c0e4d8d4a559489bb9c68d14f","/assets/ministries/Government.png":"ddc97847586c0bd0db037a05f14766ad98fe77335ae199d1bb483660802766a1","/assets/ministries/health.png":"e68495a29d644cc2ce57113d306b85c05cdadc724ef1f4eb32da48a6e648cfe9","/assets/ministries/home.png":"26f6eb3bc8d2553384e1ef4391cfff7bafa371aa990c30a7281c98b87d76ae58","/assets/ministries/IT.png":"88e0de4440fd0e9e97bbf1f6b318ef31ab7cf29f29b479d4ca647f3f6c112584","/assets/ministries/Justice.png":"df93b7eb63e39a50abe240c502561dafa1f30e132c5e2ed617e7425ff458e2fc","/assets/ministries/labour.png":"b7f0bb9468ad4cc03736305bee0fd28e37cc649e227d0373af52b0532ffefda3","/assets/ministries/lands.png":"f82e67ff44d361dc60d3938ae85d6924059021fa7ffd0ea4d1fa5f37b83660f4","/assets/ministries/Mining.png":"48a506cd3f75ffa8f6152bb376f0f8174bfed37e8d1f80a98060e39890018df0","/assets/ministries/Science.png":"6a3050798779c00a9d3507b7ef19b19da29b439948cf0cea85761a0d4ece11a4","/assets/ministries/Tour.png":"1ac197cf0fac0d0bfd0949940a3ee6ab313f17da82da07d202f3914321e4a04f","/assets/ministries/Transport.png":"3abff3e1c0f95f77cac7c69b04ce289f4c18808a7e75ee719cfc85e1ed6a7c96","/assets/ministries/urban.png":"04eca7d4ed56631fb7c3e269ea930a33b8b5839a1322388206e3fe42016c602a","/assets/ministries/Water.png":"696efea3719afbd85e139300ca37a43ec5481ca3588f7e6ab8ca442c726bda3d","/assets/ministries/youth.png":"b29df883d40a2f3ce64fb51320a2d2224460f87c097992c606aa1741c8f28df5","/asset-manifest.json":"96b26cf9336b0a563ef4f25719763b84bce6473ca1245f4b58792c112697c784","/index.html":"03d29344e86f07bd0fabe72289220f8a6e169cfb2ba78b0745071fd98538a9eb","/static/js/787.ec2e161d.chunk.js.map":"2b916f790a4bd184d691daa7cee69d6fd6046db78ca74f93f9e614832a7623f8","/static/js/787.ec2e161d.chunk.js":"38256e143489d951365cbee4d86020a954ee8af55e3e110242b660f9819a6874","/static/js/main.c1016bb4.js.LICENSE.txt":"28e90bffa1f6219b49dee0b67b77aafd4e1d2179eb317b5648c14f11d805691e","/static/css/main.f96f07a4.css":"3254f9ea5ce97e2e9eed7dab5983a43de2864c42b10402ca7d5596c0cf20eaba","/static/css/main.f96f07a4.css.map":"dd358647ff4236cdd0e85cc65724c12454bf269b50afa4617e156dde7e915b3e","/static/js/main.c1016bb4.js":"8354ac4810f255e1a3bb7e468c0cc6da693bf644ef2ad68ea3ec49defe484174","/static/js/main.c1016bb4.js.map":"e6d6754647229c3f006a272ef39bb7e038b835cc76a92ec03b2f6a7d1632fe5d"}}
[debug] [2024-01-23T10:42:39.296Z] <<< [apiv2][status] POST https://firebasehosting.googleapis.com/v1beta1/projects/214538999867/sites/zanis-pro/versions/cb7538f4e1e89d28:populateFiles 200
[debug] [2024-01-23T10:42:39.297Z] <<< [apiv2][body] POST https://firebasehosting.googleapis.com/v1beta1/projects/214538999867/sites/zanis-pro/versions/cb7538f4e1e89d28:populateFiles {"uploadRequiredHashes":["e6d6754647229c3f006a272ef39bb7e038b835cc76a92ec03b2f6a7d1632fe5d","03d29344e86f07bd0fabe72289220f8a6e169cfb2ba78b0745071fd98538a9eb","8354ac4810f255e1a3bb7e468c0cc6da693bf644ef2ad68ea3ec49defe484174","96b26cf9336b0a563ef4f25719763b84bce6473ca1245f4b58792c112697c784"],"uploadUrl":"https://upload-firebasehosting.googleapis.com/upload/sites/zanis-pro/versions/cb7538f4e1e89d28/files"}
[debug] [2024-01-23T10:42:39.298Z] >>> [apiv2][query] POST https://upload-firebasehosting.googleapis.com/upload/sites/zanis-pro/versions/cb7538f4e1e89d28/files/e6d6754647229c3f006a272ef39bb7e038b835cc76a92ec03b2f6a7d1632fe5d [none]
[debug] [2024-01-23T10:42:39.298Z] >>> [apiv2][body] POST https://upload-firebasehosting.googleapis.com/upload/sites/zanis-pro/versions/cb7538f4e1e89d28/files/e6d6754647229c3f006a272ef39bb7e038b835cc76a92ec03b2f6a7d1632fe5d [stream]
[debug] [2024-01-23T10:42:39.300Z] >>> [apiv2][query] POST https://upload-firebasehosting.googleapis.com/upload/sites/zanis-pro/versions/cb7538f4e1e89d28/files/03d29344e86f07bd0fabe72289220f8a6e169cfb2ba78b0745071fd98538a9eb [none]
[debug] [2024-01-23T10:42:39.300Z] >>> [apiv2][body] POST https://upload-firebasehosting.googleapis.com/upload/sites/zanis-pro/versions/cb7538f4e1e89d28/files/03d29344e86f07bd0fabe72289220f8a6e169cfb2ba78b0745071fd98538a9eb [stream]
[debug] [2024-01-23T10:42:39.301Z] >>> [apiv2][query] POST https://upload-firebasehosting.googleapis.com/upload/sites/zanis-pro/versions/cb7538f4e1e89d28/files/8354ac4810f255e1a3bb7e468c0cc6da693bf644ef2ad68ea3ec49defe484174 [none]
[debug] [2024-01-23T10:42:39.301Z] >>> [apiv2][body] POST https://upload-firebasehosting.googleapis.com/upload/sites/zanis-pro/versions/cb7538f4e1e89d28/files/8354ac4810f255e1a3bb7e468c0cc6da693bf644ef2ad68ea3ec49defe484174 [stream]
[debug] [2024-01-23T10:42:39.302Z] >>> [apiv2][query] POST https://upload-firebasehosting.googleapis.com/upload/sites/zanis-pro/versions/cb7538f4e1e89d28/files/96b26cf9336b0a563ef4f25719763b84bce6473ca1245f4b58792c112697c784 [none]
[debug] [2024-01-23T10:42:39.302Z] >>> [apiv2][body] POST https://upload-firebasehosting.googleapis.com/upload/sites/zanis-pro/versions/cb7538f4e1e89d28/files/96b26cf9336b0a563ef4f25719763b84bce6473ca1245f4b58792c112697c784 [stream]
[debug] [2024-01-23T10:42:39.303Z] [hosting][populate queue][FINAL] {"max":3846,"min":3846,"avg":3846,"active":0,"complete":1,"success":1,"errored":0,"retried":0,"total":1,"elapsed":3851}
[debug] [2024-01-23T10:42:39.304Z] [hosting] uploads queued: 4
[debug] [2024-01-23T10:42:42.972Z] <<< [apiv2][status] POST https://upload-firebasehosting.googleapis.com/upload/sites/zanis-pro/versions/cb7538f4e1e89d28/files/03d29344e86f07bd0fabe72289220f8a6e169cfb2ba78b0745071fd98538a9eb 200
[debug] [2024-01-23T10:42:42.972Z] <<< [apiv2][body] POST https://upload-firebasehosting.googleapis.com/upload/sites/zanis-pro/versions/cb7538f4e1e89d28/files/03d29344e86f07bd0fabe72289220f8a6e169cfb2ba78b0745071fd98538a9eb [stream]
[debug] [2024-01-23T10:42:43.044Z] <<< [apiv2][status] POST https://upload-firebasehosting.googleapis.com/upload/sites/zanis-pro/versions/cb7538f4e1e89d28/files/96b26cf9336b0a563ef4f25719763b84bce6473ca1245f4b58792c112697c784 200
[debug] [2024-01-23T10:42:43.044Z] <<< [apiv2][body] POST https://upload-firebasehosting.googleapis.com/upload/sites/zanis-pro/versions/cb7538f4e1e89d28/files/96b26cf9336b0a563ef4f25719763b84bce6473ca1245f4b58792c112697c784 [stream]
[debug] [2024-01-23T10:42:45.838Z] <<< [apiv2][status] POST https://upload-firebasehosting.googleapis.com/upload/sites/zanis-pro/versions/cb7538f4e1e89d28/files/8354ac4810f255e1a3bb7e468c0cc6da693bf644ef2ad68ea3ec49defe484174 200
[debug] [2024-01-23T10:42:45.838Z] <<< [apiv2][body] POST https://upload-firebasehosting.googleapis.com/upload/sites/zanis-pro/versions/cb7538f4e1e89d28/files/8354ac4810f255e1a3bb7e468c0cc6da693bf644ef2ad68ea3ec49defe484174 [stream]
[debug] [2024-01-23T10:42:50.856Z] <<< [apiv2][status] POST https://upload-firebasehosting.googleapis.com/upload/sites/zanis-pro/versions/cb7538f4e1e89d28/files/e6d6754647229c3f006a272ef39bb7e038b835cc76a92ec03b2f6a7d1632fe5d 200
[debug] [2024-01-23T10:42:50.856Z] <<< [apiv2][body] POST https://upload-firebasehosting.googleapis.com/upload/sites/zanis-pro/versions/cb7538f4e1e89d28/files/e6d6754647229c3f006a272ef39bb7e038b835cc76a92ec03b2f6a7d1632fe5d [stream]
[debug] [2024-01-23T10:42:50.856Z] [hosting][upload queue][FINAL] {"max":11559,"min":3675,"avg":6380.25,"active":0,"complete":4,"success":4,"errored":0,"retried":0,"total":4,"elapsed":11559}
[info] +  hosting[zanis-pro]: file upload complete 
[debug] [2024-01-23T10:42:50.857Z] [hosting] deploy completed after 15849ms
[debug] [2024-01-23T10:42:50.858Z] [rules] releasing cloud.firestore/(default) with ruleset projects/zanis-pro/rulesets/b0cb75c4-25a4-4830-9531-cdd11fbc5f55
[debug] [2024-01-23T10:42:50.859Z] >>> [apiv2][query] PATCH https://firebaserules.googleapis.com/v1/projects/zanis-pro/releases/cloud.firestore/(default) [none]
[debug] [2024-01-23T10:42:50.859Z] >>> [apiv2][body] PATCH https://firebaserules.googleapis.com/v1/projects/zanis-pro/releases/cloud.firestore/(default) {"release":{"name":"projects/zanis-pro/releases/cloud.firestore/(default)","rulesetName":"projects/zanis-pro/rulesets/b0cb75c4-25a4-4830-9531-cdd11fbc5f55"}}
[debug] [2024-01-23T10:42:54.440Z] <<< [apiv2][status] PATCH https://firebaserules.googleapis.com/v1/projects/zanis-pro/releases/cloud.firestore/(default) 200
[debug] [2024-01-23T10:42:54.440Z] <<< [apiv2][body] PATCH https://firebaserules.googleapis.com/v1/projects/zanis-pro/releases/cloud.firestore/(default) {"name":"projects/zanis-pro/releases/cloud.firestore","rulesetName":"projects/zanis-pro/rulesets/b0cb75c4-25a4-4830-9531-cdd11fbc5f55","createTime":"2024-01-04T11:38:14.900261Z","updateTime":"2024-01-23T10:42:14.932349Z"}
[debug] [2024-01-23T10:42:54.440Z] [rules] updated release projects/zanis-pro/releases/cloud.firestore
[info] +  firestore: released rules firestore.rules to cloud.firestore 
[debug] [2024-01-23T10:42:54.441Z] [
  {
    "config": {
      "public": "build",
      "ignore": [
        "firebase.json",
        "**/.*",
        "**/node_modules/**"
      ],
      "rewrites": [
        {
          "source": "**",
          "destination": "/index.html"
        }
      ],
      "site": "zanis-pro"
    },
    "version": "projects/214538999867/sites/zanis-pro/versions/cb7538f4e1e89d28"
  }
]
[info] i  hosting[zanis-pro]: finalizing version... 
[debug] [2024-01-23T10:42:54.442Z] >>> [apiv2][query] PATCH https://firebasehosting.googleapis.com/v1beta1/projects/-/sites/zanis-pro/versions/cb7538f4e1e89d28 updateMask=status%2Cconfig
[debug] [2024-01-23T10:42:54.442Z] >>> [apiv2][body] PATCH https://firebasehosting.googleapis.com/v1beta1/projects/-/sites/zanis-pro/versions/cb7538f4e1e89d28 {"status":"FINALIZED","config":{"rewrites":[{"glob":"**","path":"/index.html"}]}}
[debug] [2024-01-23T10:42:59.450Z] <<< [apiv2][status] PATCH https://firebasehosting.googleapis.com/v1beta1/projects/-/sites/zanis-pro/versions/cb7538f4e1e89d28 200
[debug] [2024-01-23T10:42:59.450Z] <<< [apiv2][body] PATCH https://firebasehosting.googleapis.com/v1beta1/projects/-/sites/zanis-pro/versions/cb7538f4e1e89d28 {"name":"projects/214538999867/sites/zanis-pro/versions/cb7538f4e1e89d28","status":"FINALIZED","config":{"rewrites":[{"glob":"**","path":"/index.html"}]},"labels":{"deployment-tool":"cli-firebase"},"createTime":"2024-01-23T10:41:44.388924Z","createUser":{"email":"eliot.alderson20@gmail.com"},"finalizeTime":"2024-01-23T10:42:19.341193Z","finalizeUser":{"email":"eliot.alderson20@gmail.com"}}
[debug] [2024-01-23T10:42:59.450Z] [hosting] finalized version for zanis-pro:[object Object]
[info] +  hosting[zanis-pro]: version finalized 
[info] i  hosting[zanis-pro]: releasing new version... 
[debug] [2024-01-23T10:42:59.451Z] >>> [apiv2][query] POST https://firebasehosting.googleapis.com/v1beta1/projects/-/sites/zanis-pro/channels/live/releases versionName=projects%2F214538999867%2Fsites%2Fzanis-pro%2Fversions%2Fcb7538f4e1e89d28
[debug] [2024-01-23T10:42:59.451Z] >>> [apiv2][body] POST https://firebasehosting.googleapis.com/v1beta1/projects/-/sites/zanis-pro/channels/live/releases {}
[debug] [2024-01-23T10:43:05.829Z] <<< [apiv2][status] POST https://firebasehosting.googleapis.com/v1beta1/projects/-/sites/zanis-pro/channels/live/releases 200
[debug] [2024-01-23T10:43:05.829Z] <<< [apiv2][body] POST https://firebasehosting.googleapis.com/v1beta1/projects/-/sites/zanis-pro/channels/live/releases {"name":"projects/214538999867/sites/zanis-pro/channels/live/releases/1706006545192000","version":{"name":"projects/214538999867/sites/zanis-pro/versions/cb7538f4e1e89d28","status":"FINALIZED","config":{"rewrites":[{"glob":"**","path":"/index.html"}]},"labels":{"deployment-tool":"cli-firebase"},"createTime":"2024-01-23T10:41:44.388924Z","createUser":{"email":"eliot.alderson20@gmail.com","imageUrl":"https://lh3.googleusercontent.com/a/ACg8ocKIPRXzCfgHo91NuYTnezkAb_mpeQdq-DRZXOJS13cODHs"},"finalizeTime":"2024-01-23T10:42:19.341193Z","finalizeUser":{"email":"eliot.alderson20@gmail.com","imageUrl":"https://lh3.googleusercontent.com/a/ACg8ocKIPRXzCfgHo91NuYTnezkAb_mpeQdq-DRZXOJS13cODHs"}},"type":"DEPLOY","releaseTime":"2024-01-23T10:42:25.192Z","releaseUser":{"email":"eliot.alderson20@gmail.com","imageUrl":"https://lh3.googleusercontent.com/a/ACg8ocKIPRXzCfgHo91NuYTnezkAb_mpeQdq-DRZXOJS13cODHs"}}
[debug] [2024-01-23T10:43:05.829Z] [hosting] release: {"name":"projects/214538999867/sites/zanis-pro/channels/live/releases/1706006545192000","version":{"name":"projects/214538999867/sites/zanis-pro/versions/cb7538f4e1e89d28","status":"FINALIZED","config":{"rewrites":[{"glob":"**","path":"/index.html"}]},"labels":{"deployment-tool":"cli-firebase"},"createTime":"2024-01-23T10:41:44.388924Z","createUser":{"email":"eliot.alderson20@gmail.com","imageUrl":"https://lh3.googleusercontent.com/a/ACg8ocKIPRXzCfgHo91NuYTnezkAb_mpeQdq-DRZXOJS13cODHs"},"finalizeTime":"2024-01-23T10:42:19.341193Z","finalizeUser":{"email":"eliot.alderson20@gmail.com","imageUrl":"https://lh3.googleusercontent.com/a/ACg8ocKIPRXzCfgHo91NuYTnezkAb_mpeQdq-DRZXOJS13cODHs"}},"type":"DEPLOY","releaseTime":"2024-01-23T10:42:25.192Z","releaseUser":{"email":"eliot.alderson20@gmail.com","imageUrl":"https://lh3.googleusercontent.com/a/ACg8ocKIPRXzCfgHo91NuYTnezkAb_mpeQdq-DRZXOJS13cODHs"}}
[info] +  hosting[zanis-pro]: release complete 
[info] 
[info] +  Deploy complete! 
[info] 
[info] Project Console: https://console.firebase.google.com/project/zanis-pro/overview
[info] Hosting URL: https://zanis-pro.web.app
[debug] [2024-01-23T10:43:20.042Z] Error: Timed out.
    at Timeout.<anonymous> (C:\Users\User\AppData\Roaming\npm\node_modules\firebase-tools\lib\utils.js:258:49)
    at listOnTimeout (node:internal/timers:569:17)
    at process.processTimers (node:internal/timers:512:7)
[error] 
[error] Error: An unexpected error has occurred.
